This is pdfTeX, Version 3.141592653-2.6-1.40.22 (TeX Live 2021) (preloaded format=pdflatex 2022.2.3)  9 MAR 2022 06:12
entering extended mode
 restricted \write18 enabled.
 file:line:error style messages enabled.
 %&-line parsing enabled.
**"HW6 Computer Parts.tex"
(./HW6 Computer Parts.tex
LaTeX2e <2020-10-01> patch level 4
L3 programming layer <2021-02-18>
(/usr/local/texlive/2021/texmf-dist/tex/latex/base/article.cls
Document Class: article 2020/04/10 v1.4m Standard LaTeX document class
(/usr/local/texlive/2021/texmf-dist/tex/latex/base/size11.clo
File: size11.clo 2020/04/10 v1.4m Standard LaTeX file (size option)
)
\c@part=\count179
\c@section=\count180
\c@subsection=\count181
\c@subsubsection=\count182
\c@paragraph=\count183
\c@subparagraph=\count184
\c@figure=\count185
\c@table=\count186
\abovecaptionskip=\skip47
\belowcaptionskip=\skip48
\bibindent=\dimen138
)
(/usr/local/texlive/2021/texmf-dist/tex/latex/geometry/geometry.sty
Package: geometry 2020/01/02 v5.9 Page Geometry

(/usr/local/texlive/2021/texmf-dist/tex/latex/graphics/keyval.sty
Package: keyval 2014/10/28 v1.15 key=value parser (DPC)
\KV@toks@=\toks15
)
(/usr/local/texlive/2021/texmf-dist/tex/generic/iftex/ifvtex.sty
Package: ifvtex 2019/10/25 v1.7 ifvtex legacy package. Use iftex instead.

(/usr/local/texlive/2021/texmf-dist/tex/generic/iftex/iftex.sty
Package: iftex 2020/03/06 v1.0d TeX engine tests
))
\Gm@cnth=\count187
\Gm@cntv=\count188
\c@Gm@tempcnt=\count189
\Gm@bindingoffset=\dimen139
\Gm@wd@mp=\dimen140
\Gm@odd@mp=\dimen141
\Gm@even@mp=\dimen142
\Gm@layoutwidth=\dimen143
\Gm@layoutheight=\dimen144
\Gm@layouthoffset=\dimen145
\Gm@layoutvoffset=\dimen146
\Gm@dimlist=\toks16
)
(/usr/local/texlive/2021/texmf-dist/tex/latex/stackengine/stackengine.sty
Package: stackengine 2017/02/13 v4.01\ Stacking text and objects in convenient 
ways

(/usr/local/texlive/2021/texmf-dist/tex/latex/etoolbox/etoolbox.sty
Package: etoolbox 2020/10/05 v2.5k e-TeX tools for LaTeX (JAW)
\etb@tempcnta=\count190
)
(/usr/local/texlive/2021/texmf-dist/tex/generic/listofitems/listofitems.sty
(/usr/local/texlive/2021/texmf-dist/tex/generic/listofitems/listofitems.tex
\loi_cnt_foreach_nest=\count191
\loi_nestcnt=\count192
)
Package: listofitems 2019/08/21 v1.63 Grab items in lists using user-specified 
sep char (CT)
)
(/usr/local/texlive/2021/texmf-dist/tex/latex/tools/calc.sty
Package: calc 2017/05/25 v4.3 Infix arithmetic (KKT,FJ)
\calc@Acount=\count193
\calc@Bcount=\count194
\calc@Adimen=\dimen147
\calc@Bdimen=\dimen148
\calc@Askip=\skip49
\calc@Bskip=\skip50
LaTeX Info: Redefining \setlength on input line 80.
LaTeX Info: Redefining \addtolength on input line 81.
\calc@Ccount=\count195
\calc@Cskip=\skip51
)
\c@@stackindex=\count196
\@boxshift=\skip52
\stack@tmplength=\skip53
\temp@stkl=\skip54
\@stackedboxwidth=\skip55
\@addedbox=\box47
\@anchorbox=\box48
\stackedbox=\box49
\@centerbox=\box50
\c@ROWcellindex@=\count197
)
(/usr/local/texlive/2021/texmf-dist/tex/latex/graphics/graphicx.sty
Package: graphicx 2020/09/09 v1.2b Enhanced LaTeX Graphics (DPC,SPQR)

(/usr/local/texlive/2021/texmf-dist/tex/latex/graphics/graphics.sty
Package: graphics 2020/08/30 v1.4c Standard LaTeX Graphics (DPC,SPQR)

(/usr/local/texlive/2021/texmf-dist/tex/latex/graphics/trig.sty
Package: trig 2016/01/03 v1.10 sin cos tan (DPC)
)
(/usr/local/texlive/2021/texmf-dist/tex/latex/graphics-cfg/graphics.cfg
File: graphics.cfg 2016/06/04 v1.11 sample graphics configuration
)
Package graphics Info: Driver file: pdftex.def on input line 105.

(/usr/local/texlive/2021/texmf-dist/tex/latex/graphics-def/pdftex.def
File: pdftex.def 2020/10/05 v1.2a Graphics/color driver for pdftex
))
\Gin@req@height=\dimen149
\Gin@req@width=\dimen150
)
(/usr/local/texlive/2021/texmf-dist/tex/latex/caption/caption.sty
Package: caption 2020/10/26 v3.5g Customizing captions (AR)

(/usr/local/texlive/2021/texmf-dist/tex/latex/caption/caption3.sty
Package: caption3 2020/10/21 v2.2e caption3 kernel (AR)
\captionmargin=\dimen151
\captionmargin@=\dimen152
\captionwidth=\dimen153
\caption@tempdima=\dimen154
\caption@indent=\dimen155
\caption@parindent=\dimen156
\caption@hangindent=\dimen157
Package caption Info: Standard document class detected.
)
\c@caption@flags=\count198
\c@continuedfloat=\count199
)
(/usr/local/texlive/2021/texmf-dist/tex/latex/caption/subcaption.sty
Package: subcaption 2020/10/07 v1.3j Sub-captions (AR)
\c@subfigure=\count266
\c@subtable=\count267
)
(/usr/local/texlive/2021/texmf-dist/tex/latex/tools/indentfirst.sty
Package: indentfirst 1995/11/23 v1.03 Indent first paragraph (DPC)
)
(./kbordermatrix.sty
Package: kbordermatrix 2011/09/21 Bordered matrix with brackets
\kbcolsep=\skip56
\kbrowsep=\skip57
\br@kwd=\skip58
\k@bordht=\skip59
)
(/usr/local/texlive/2021/texmf-dist/tex/latex/physics/physics.sty
Package: physics 

(/usr/local/texlive/2021/texmf-dist/tex/latex/l3packages/xparse/xparse.sty
(/usr/local/texlive/2021/texmf-dist/tex/latex/l3kernel/expl3.sty
Package: expl3 2021-02-18 L3 programming layer (loader) 

(/usr/local/texlive/2021/texmf-dist/tex/latex/l3backend/l3backend-pdftex.def
File: l3backend-pdftex.def 2021-03-18 L3 backend support: PDF output (pdfTeX)
\l__color_backend_stack_int=\count268
\l__pdf_internal_box=\box51
))
(/usr/local/texlive/2021/texmf-dist/tex/latex/l3packages/xparse/xparse-2020-10-
01.sty
(/usr/local/texlive/2021/texmf-dist/tex/latex/l3packages/xparse/xparse-generic.
tex))) (/usr/local/texlive/2021/texmf-dist/tex/latex/amsmath/amsmath.sty
Package: amsmath 2020/09/23 v2.17i AMS math features
\@mathmargin=\skip60

For additional information on amsmath, use the `?' option.
(/usr/local/texlive/2021/texmf-dist/tex/latex/amsmath/amstext.sty
Package: amstext 2000/06/29 v2.01 AMS text

(/usr/local/texlive/2021/texmf-dist/tex/latex/amsmath/amsgen.sty
File: amsgen.sty 1999/11/30 v2.0 generic functions
\@emptytoks=\toks17
\ex@=\dimen158
))
(/usr/local/texlive/2021/texmf-dist/tex/latex/amsmath/amsbsy.sty
Package: amsbsy 1999/11/29 v1.2d Bold Symbols
\pmbraise@=\dimen159
)
(/usr/local/texlive/2021/texmf-dist/tex/latex/amsmath/amsopn.sty
Package: amsopn 2016/03/08 v2.02 operator names
)
\inf@bad=\count269
LaTeX Info: Redefining \frac on input line 234.
\uproot@=\count270
\leftroot@=\count271
LaTeX Info: Redefining \overline on input line 399.
\classnum@=\count272
\DOTSCASE@=\count273
LaTeX Info: Redefining \ldots on input line 496.
LaTeX Info: Redefining \dots on input line 499.
LaTeX Info: Redefining \cdots on input line 620.
\Mathstrutbox@=\box52
\strutbox@=\box53
\big@size=\dimen160
LaTeX Font Info:    Redeclaring font encoding OML on input line 743.
LaTeX Font Info:    Redeclaring font encoding OMS on input line 744.
\macc@depth=\count274
\c@MaxMatrixCols=\count275
\dotsspace@=\muskip16
\c@parentequation=\count276
\dspbrk@lvl=\count277
\tag@help=\toks18
\row@=\count278
\column@=\count279
\maxfields@=\count280
\andhelp@=\toks19
\eqnshift@=\dimen161
\alignsep@=\dimen162
\tagshift@=\dimen163
\tagwidth@=\dimen164
\totwidth@=\dimen165
\lineht@=\dimen166
\@envbody=\toks20
\multlinegap=\skip61
\multlinetaggap=\skip62
\mathdisplay@stack=\toks21
LaTeX Info: Redefining \[ on input line 2923.
LaTeX Info: Redefining \] on input line 2924.
))
(/usr/local/texlive/2021/texmf-dist/tex/latex/mathtools/mathtools.sty
Package: mathtools 2021/03/18 v1.25 mathematical typesetting tools

(/usr/local/texlive/2021/texmf-dist/tex/latex/mathtools/mhsetup.sty
Package: mhsetup 2021/03/18 v1.4 programming setup (MH)
)
LaTeX Info: Thecontrolsequence`\('isalreadyrobust on input line 130.
LaTeX Info: Thecontrolsequence`\)'isalreadyrobust on input line 130.
LaTeX Info: Thecontrolsequence`\['isalreadyrobust on input line 130.
LaTeX Info: Thecontrolsequence`\]'isalreadyrobust on input line 130.
\g_MT_multlinerow_int=\count281
\l_MT_multwidth_dim=\dimen167
\origjot=\skip63
\l_MT_shortvdotswithinadjustabove_dim=\dimen168
\l_MT_shortvdotswithinadjustbelow_dim=\dimen169
\l_MT_above_intertext_sep=\dimen170
\l_MT_below_intertext_sep=\dimen171
\l_MT_above_shortintertext_sep=\dimen172
\l_MT_below_shortintertext_sep=\dimen173
\xmathstrut@box=\box54
\xmathstrut@dim=\dimen174
)
(/usr/local/texlive/2021/texmf-dist/tex/latex/listings/listings.sty
\lst@mode=\count282
\lst@gtempboxa=\box55
\lst@token=\toks22
\lst@length=\count283
\lst@currlwidth=\dimen175
\lst@column=\count284
\lst@pos=\count285
\lst@lostspace=\dimen176
\lst@width=\dimen177
\lst@newlines=\count286
\lst@lineno=\count287
\lst@maxwidth=\dimen178

(/usr/local/texlive/2021/texmf-dist/tex/latex/listings/lstmisc.sty
File: lstmisc.sty 2020/03/24 1.8d (Carsten Heinz)
\c@lstnumber=\count288
\lst@skipnumbers=\count289
\lst@framebox=\box56
)
(/usr/local/texlive/2021/texmf-dist/tex/latex/listings/listings.cfg
File: listings.cfg 2020/03/24 1.8d listings configuration
))
Package: listings 2020/03/24 1.8d (Carsten Heinz)

(/usr/local/texlive/2021/texmf-dist/tex/latex/float/float.sty
Package: float 2001/11/08 v1.3d Float enhancements (AL)
\c@float@type=\count290
\float@exts=\toks23
\float@box=\box57
\@float@everytoks=\toks24
\@floatcapt=\box58
)
(/usr/local/texlive/2021/texmf-dist/tex/latex/xcolor/xcolor.sty
Package: xcolor 2016/05/11 v2.12 LaTeX color extensions (UK)

(/usr/local/texlive/2021/texmf-dist/tex/latex/graphics-cfg/color.cfg
File: color.cfg 2016/01/02 v1.6 sample color configuration
)
Package xcolor Info: Driver file: pdftex.def on input line 225.
Package xcolor Info: Model `cmy' substituted by `cmy0' on input line 1348.
Package xcolor Info: Model `hsb' substituted by `rgb' on input line 1352.
Package xcolor Info: Model `RGB' extended on input line 1364.
Package xcolor Info: Model `HTML' substituted by `rgb' on input line 1366.
Package xcolor Info: Model `Hsb' substituted by `hsb' on input line 1367.
Package xcolor Info: Model `tHsb' substituted by `hsb' on input line 1368.
Package xcolor Info: Model `HSB' substituted by `hsb' on input line 1369.
Package xcolor Info: Model `Gray' substituted by `gray' on input line 1370.
Package xcolor Info: Model `wave' substituted by `hsb' on input line 1371.
)
(/usr/local/texlive/2021/texmf-dist/tex/latex/listings/lstlang1.sty
File: lstlang1.sty 2020/03/24 1.8d listings language file
)
(/usr/local/texlive/2021/texmf-dist/tex/latex/cite/cite.sty
LaTeX Info: Redefining \cite on input line 302.
LaTeX Info: Redefining \nocite on input line 332.
Package: cite 2015/02/27  v 5.5
LaTeX Info: Redefining \cite on input line 441.
)
(/usr/local/texlive/2021/texmf-dist/tex/latex/amscls/amsthm.sty
Package: amsthm 2020/05/29 v2.20.6
\thm@style=\toks25
\thm@bodyfont=\toks26
\thm@headfont=\toks27
\thm@notefont=\toks28
\thm@headpunct=\toks29
\thm@preskip=\skip64
\thm@postskip=\skip65
\thm@headsep=\skip66
\dth@everypar=\toks30
)
(/usr/local/texlive/2021/texmf-dist/tex/latex/amsfonts/amssymb.sty
Package: amssymb 2013/01/14 v3.01 AMS font symbols

(/usr/local/texlive/2021/texmf-dist/tex/latex/amsfonts/amsfonts.sty
Package: amsfonts 2013/01/14 v3.01 Basic AMSFonts support
\symAMSa=\mathgroup4
\symAMSb=\mathgroup5
LaTeX Font Info:    Redeclaring math symbol \hbar on input line 98.
LaTeX Font Info:    Overwriting math alphabet `\mathfrak' in version `bold'
(Font)                  U/euf/m/n --> U/euf/b/n on input line 106.
))
(/usr/local/texlive/2021/texmf-dist/tex/latex/setspace/setspace.sty
Package: setspace 2011/12/19 v6.7a set line spacing
)
(/usr/local/texlive/2021/texmf-dist/tex/latex/units/units.sty
Package: units 1998/08/04 v0.9b Typesetting units

(/usr/local/texlive/2021/texmf-dist/tex/latex/base/ifthen.sty
Package: ifthen 2014/09/29 v1.1c Standard LaTeX ifthen package (DPC)
)
(/usr/local/texlive/2021/texmf-dist/tex/latex/units/nicefrac.sty
Package: nicefrac 1998/08/04 v0.9b Nice fractions
\L@UnitsRaiseDisplaystyle=\skip67
\L@UnitsRaiseTextstyle=\skip68
\L@UnitsRaiseScriptstyle=\skip69
LaTeX Info: Redefining \nicefrac on input line 131.
))
(/usr/local/texlive/2021/texmf-dist/tex/generic/babel/babel.sty
Package: babel 2021/03/24 3.56 The Babel package

(/usr/local/texlive/2021/texmf-dist/tex/generic/babel/babel.def
File: babel.def 2021/03/24 3.56 Babel common definitions
\babel@savecnt=\count291
\U@D=\dimen179
\l@babelnohyphens=\language87

(/usr/local/texlive/2021/texmf-dist/tex/generic/babel/txtbabel.def)
\bbl@readstream=\read2
)
\bbl@dirlevel=\count292

(/usr/local/texlive/2021/texmf-dist/tex/generic/babel-english/english.ldf
Language: english 2017/06/06 v3.3r English support from the babel system
Package babel Info: \l@canadian = using hyphenrules for english
(babel)             (\language0) on input line 102.
Package babel Info: \l@australian = using hyphenrules for ukenglish
(babel)             (\language21) on input line 105.
Package babel Info: \l@newzealand = using hyphenrules for ukenglish
(babel)             (\language21) on input line 108.
))
(/usr/local/texlive/2021/texmf-dist/tex/latex/tools/array.sty
Package: array 2020/10/01 v2.5c Tabular extension package (FMi)
\col@sep=\dimen180
\ar@mcellbox=\box59
\extrarowheight=\dimen181
\NC@list=\toks31
\extratabsurround=\skip70
\backup@length=\skip71
\ar@cellbox=\box60
)
(/usr/local/texlive/2021/texmf-dist/tex/latex/booktabs/booktabs.sty
Package: booktabs 2020/01/12 v1.61803398 Publication quality tables
\heavyrulewidth=\dimen182
\lightrulewidth=\dimen183
\cmidrulewidth=\dimen184
\belowrulesep=\dimen185
\belowbottomsep=\dimen186
\aboverulesep=\dimen187
\abovetopsep=\dimen188
\cmidrulesep=\dimen189
\cmidrulekern=\dimen190
\defaultaddspace=\dimen191
\@cmidla=\count293
\@cmidlb=\count294
\@aboverulesep=\dimen192
\@belowrulesep=\dimen193
\@thisruleclass=\count295
\@lastruleclass=\count296
\@thisrulewidth=\dimen194
)
(/usr/local/texlive/2021/texmf-dist/tex/latex/csquotes/csquotes.sty
Package: csquotes 2021-02-22 v5.2l context-sensitive quotations (JAW)
\csq@reset=\count297
\csq@gtype=\count298
\csq@glevel=\count299
\csq@qlevel=\count300
\csq@maxlvl=\count301
\csq@tshold=\count302
\csq@ltx@everypar=\toks32

(/usr/local/texlive/2021/texmf-dist/tex/latex/csquotes/csquotes.def
File: csquotes.def 2021-02-22 v5.2l csquotes generic definitions (JAW)
)
Package csquotes Info: Trying to load configuration file 'csquotes.cfg'...
Package csquotes Info: ... configuration file loaded successfully.

(/usr/local/texlive/2021/texmf-dist/tex/latex/csquotes/csquotes.cfg
File: csquotes.cfg 
)
Package csquotes Info: Enabling multilingual quotes.
Package csquotes Info: Redefining alias 'english' -> 'english/american'.
)
Package csquotes Info: Allocating character ".
Package csquotes Info: Checking for multilingual support...
Package csquotes Info: ... found 'babel' package.

(./HW6 Computer Parts.aux)
\openout1 = `"HW6 Computer Parts.aux"'.

LaTeX Font Info:    Checking defaults for OML/cmm/m/it on input line 52.
LaTeX Font Info:    ... okay on input line 52.
LaTeX Font Info:    Checking defaults for OMS/cmsy/m/n on input line 52.
LaTeX Font Info:    ... okay on input line 52.
LaTeX Font Info:    Checking defaults for OT1/cmr/m/n on input line 52.
LaTeX Font Info:    ... okay on input line 52.
LaTeX Font Info:    Checking defaults for T1/cmr/m/n on input line 52.
LaTeX Font Info:    ... okay on input line 52.
LaTeX Font Info:    Checking defaults for TS1/cmr/m/n on input line 52.
LaTeX Font Info:    ... okay on input line 52.
LaTeX Font Info:    Checking defaults for OMX/cmex/m/n on input line 52.
LaTeX Font Info:    ... okay on input line 52.
LaTeX Font Info:    Checking defaults for U/cmr/m/n on input line 52.
LaTeX Font Info:    ... okay on input line 52.

*geometry* driver: auto-detecting
*geometry* detected driver: pdftex
*geometry* verbose mode - [ preamble ] result:
* driver: pdftex
* paper: <default>
* layout: <same size as paper>
* layoutoffset:(h,v)=(0.0pt,0.0pt)
* modes: 
* h-part:(L,W,R)=(72.26999pt, 469.75502pt, 72.26999pt)
* v-part:(T,H,B)=(72.26999pt, 650.43001pt, 72.26999pt)
* \paperwidth=614.295pt
* \paperheight=794.96999pt
* \textwidth=469.75502pt
* \textheight=650.43001pt
* \oddsidemargin=0.0pt
* \evensidemargin=0.0pt
* \topmargin=-37.0pt
* \headheight=12.0pt
* \headsep=25.0pt
* \topskip=11.0pt
* \footskip=30.0pt
* \marginparwidth=59.0pt
* \marginparsep=10.0pt
* \columnsep=10.0pt
* \skip\footins=10.0pt plus 4.0pt minus 2.0pt
* \hoffset=0.0pt
* \voffset=0.0pt
* \mag=1000
* \@twocolumnfalse
* \@twosidefalse
* \@mparswitchfalse
* \@reversemarginfalse
* (1in=72.27pt=25.4mm, 1cm=28.453pt)

(/usr/local/texlive/2021/texmf-dist/tex/context/base/mkii/supp-pdf.mkii
[Loading MPS to PDF converter (version 2006.09.02).]
\scratchcounter=\count303
\scratchdimen=\dimen195
\scratchbox=\box61
\nofMPsegments=\count304
\nofMParguments=\count305
\everyMPshowfont=\toks33
\MPscratchCnt=\count306
\MPscratchDim=\dimen196
\MPnumerator=\count307
\makeMPintoPDFobject=\count308
\everyMPtoPDFconversion=\toks34
) (/usr/local/texlive/2021/texmf-dist/tex/latex/epstopdf-pkg/epstopdf-base.sty
Package: epstopdf-base 2020-01-24 v2.11 Base part for package epstopdf

(/usr/local/texlive/2021/texmf-dist/tex/generic/infwarerr/infwarerr.sty
Package: infwarerr 2019/12/03 v1.5 Providing info/warning/error messages (HO)
)
(/usr/local/texlive/2021/texmf-dist/tex/latex/grfext/grfext.sty
Package: grfext 2019/12/03 v1.3 Manage graphics extensions (HO)

(/usr/local/texlive/2021/texmf-dist/tex/generic/kvdefinekeys/kvdefinekeys.sty
Package: kvdefinekeys 2019-12-19 v1.6 Define keys (HO)
)) (/usr/local/texlive/2021/texmf-dist/tex/latex/kvoptions/kvoptions.sty
Package: kvoptions 2020-10-07 v3.14 Key value format for package options (HO)

(/usr/local/texlive/2021/texmf-dist/tex/generic/ltxcmds/ltxcmds.sty
Package: ltxcmds 2020-05-10 v1.25 LaTeX kernel commands for general use (HO)
)
(/usr/local/texlive/2021/texmf-dist/tex/generic/kvsetkeys/kvsetkeys.sty
Package: kvsetkeys 2019/12/15 v1.18 Key value parser (HO)
))
(/usr/local/texlive/2021/texmf-dist/tex/generic/pdftexcmds/pdftexcmds.sty
Package: pdftexcmds 2020-06-27 v0.33 Utility functions of pdfTeX for LuaTeX (HO
)
Package pdftexcmds Info: \pdf@primitive is available.
Package pdftexcmds Info: \pdf@ifprimitive is available.
Package pdftexcmds Info: \pdfdraftmode found.
)
Package epstopdf-base Info: Redefining graphics rule for `.eps' on input line 4
85.
Package grfext Info: Graphics extension search list:
(grfext)             [.pdf,.png,.jpg,.mps,.jpeg,.jbig2,.jb2,.PDF,.PNG,.JPG,.JPE
G,.JBIG2,.JB2,.eps]
(grfext)             \AppendGraphicsExtensions on input line 504.

(/usr/local/texlive/2021/texmf-dist/tex/latex/latexconfig/epstopdf-sys.cfg
File: epstopdf-sys.cfg 2010/07/13 v1.3 Configuration of (r)epstopdf for TeX Liv
e
))
Package caption Info: Begin \AtBeginDocument code.
Package caption Info: float package is loaded.
Package caption Info: listings package is loaded.
Package caption Info: End \AtBeginDocument code.
\c@lstlisting=\count309
Package csquotes Info: Making character " active on input line 52.
LaTeX Font Info:    Trying to load font information for U+msa on input line 53.


(/usr/local/texlive/2021/texmf-dist/tex/latex/amsfonts/umsa.fd
File: umsa.fd 2013/01/14 v3.01 AMS symbols A
)
LaTeX Font Info:    Trying to load font information for U+msb on input line 53.


(/usr/local/texlive/2021/texmf-dist/tex/latex/amsfonts/umsb.fd
File: umsb.fd 2013/01/14 v3.01 AMS symbols B
)
<Lorenz_r23.7368.png, id=1, 607.068pt x 486.25665pt>
File: Lorenz_r23.7368.png Graphic file (type png)
<use Lorenz_r23.7368.png>
Package pdftex.def Info: Lorenz_r23.7368.png  used on input line 59.
(pdftex.def)             Requested size: 256.0748pt x 205.10934pt.
<Lorenz_r25.7368.png, id=2, 607.068pt x 485.53395pt>
File: Lorenz_r25.7368.png Graphic file (type png)
<use Lorenz_r25.7368.png>
Package pdftex.def Info: Lorenz_r25.7368.png  used on input line 60.
(pdftex.def)             Requested size: 227.62204pt x 182.05255pt.
<Lorenz_r25.7368_2.png, id=3, 607.068pt x 484.6908pt>
File: Lorenz_r25.7368_2.png Graphic file (type png)
<use Lorenz_r25.7368_2.png>
Package pdftex.def Info: Lorenz_r25.7368_2.png  used on input line 61.
(pdftex.def)             Requested size: 227.62204pt x 181.7364pt.


LaTeX Warning: `h' float specifier changed to `ht'.

<Lorenz_r23.7368y.png, id=4, 510.4671pt x 379.29704pt>
File: Lorenz_r23.7368y.png Graphic file (type png)
<use Lorenz_r23.7368y.png>
Package pdftex.def Info: Lorenz_r23.7368y.png  used on input line 67.
(pdftex.def)             Requested size: 199.16928pt x 147.9889pt.
<Lorenz_r25.7368y.png, id=5, 517.6941pt x 388.0899pt>
File: Lorenz_r25.7368y.png Graphic file (type png)
<use Lorenz_r25.7368y.png>
Package pdftex.def Info: Lorenz_r25.7368y.png  used on input line 68.
(pdftex.def)             Requested size: 199.16928pt x 149.30551pt.

Overfull \hbox (22.94151pt too wide) in paragraph at lines 67--69
 [][][] 
 []


LaTeX Warning: `h' float specifier changed to `ht'.

[1

{/usr/local/texlive/2021/texmf-var/fonts/map/pdftex/updmap/pdftex.map}]
[2 <./Lorenz_r23.7368.png (PNG copy)> <./Lorenz_r25.7368.png (PNG copy)> <./Lor
enz_r25.7368_2.png (PNG copy)> <./Lorenz_r23.7368y.png (PNG copy)> <./Lorenz_r2
5.7368y.png (PNG copy)>]
<Lorenz_r25.73682_trajectories.png, id=23, 607.068pt x 480.23415pt>
File: Lorenz_r25.73682_trajectories.png Graphic file (type png)
<use Lorenz_r25.73682_trajectories.png>
Package pdftex.def Info: Lorenz_r25.73682_trajectories.png  used on input line 
76.
(pdftex.def)             Requested size: 227.62204pt x 180.06537pt.

Overfull \hbox (4.65678pt too wide) in paragraph at lines 80--81
[]\OT1/cmr/m/n/10.95 So, I plot the nat-u-ral log-a-rithm of the rel-a-tive dis
-crep-ancy be-tween the tra-jec-to-ries $[][][]$
 []

[3

 <./Lorenz_r25.73682_trajectories.png (PNG copy)>]
<Lorenz_r25.73682_trajectories_discp_delta4.png, id=29, 538.4115pt x 400.3758pt
>
File: Lorenz_r25.73682_trajectories_discp_delta4.png Graphic file (type png)
<use Lorenz_r25.73682_trajectories_discp_delta4.png>
Package pdftex.def Info: Lorenz_r25.73682_trajectories_discp_delta4.png  used o
n input line 93.
(pdftex.def)             Requested size: 227.62204pt x 169.26245pt.
<Lorenz_r25.73682_trajectories_discp2_delta4.png, id=30, 509.86485pt x 399.894p
t>
File: Lorenz_r25.73682_trajectories_discp2_delta4.png Graphic file (type png)
<use Lorenz_r25.73682_trajectories_discp2_delta4.png>
Package pdftex.def Info: Lorenz_r25.73682_trajectories_discp2_delta4.png  used 
on input line 94.
(pdftex.def)             Requested size: 227.62204pt x 178.52278pt.
<Lorenz_r25.73682_trajectories_discp.png, id=31, 538.4115pt x 400.3758pt>
File: Lorenz_r25.73682_trajectories_discp.png Graphic file (type png)
<use Lorenz_r25.73682_trajectories_discp.png>
Package pdftex.def Info: Lorenz_r25.73682_trajectories_discp.png  used on input
 line 95.
(pdftex.def)             Requested size: 227.62204pt x 169.26245pt.
<Lorenz_r25.73682_trajectories_discp2.png, id=32, 530.82315pt x 400.3758pt>
File: Lorenz_r25.73682_trajectories_discp2.png Graphic file (type png)
<use Lorenz_r25.73682_trajectories_discp2.png>
Package pdftex.def Info: Lorenz_r25.73682_trajectories_discp2.png  used on inpu
t line 96.
(pdftex.def)             Requested size: 227.62204pt x 171.68782pt.
<Lorenz_r25.73682_trajectories_discp_delta2.png, id=33, 538.4115pt x 400.3758pt
>
File: Lorenz_r25.73682_trajectories_discp_delta2.png Graphic file (type png)
<use Lorenz_r25.73682_trajectories_discp_delta2.png>
Package pdftex.def Info: Lorenz_r25.73682_trajectories_discp_delta2.png  used o
n input line 97.
(pdftex.def)             Requested size: 227.62204pt x 169.26245pt.
<Lorenz_r25.73682_trajectories_discp2_delta2.png, id=34, 509.62395pt x 400.3758
pt>
File: Lorenz_r25.73682_trajectories_discp2_delta2.png Graphic file (type png)
<use Lorenz_r25.73682_trajectories_discp2_delta2.png>
Package pdftex.def Info: Lorenz_r25.73682_trajectories_discp2_delta2.png  used 
on input line 98.
(pdftex.def)             Requested size: 227.62204pt x 178.82951pt.
<Lorenz_r25.73682_trajectories_discp_delta3.png, id=35, 538.4115pt x 400.3758pt
>
File: Lorenz_r25.73682_trajectories_discp_delta3.png Graphic file (type png)
<use Lorenz_r25.73682_trajectories_discp_delta3.png>
Package pdftex.def Info: Lorenz_r25.73682_trajectories_discp_delta3.png  used o
n input line 99.
(pdftex.def)             Requested size: 227.62204pt x 169.26245pt.
<Lorenz_r25.73682_trajectories_discp2_delta3.png, id=36, 509.62395pt x 400.3758
pt>
File: Lorenz_r25.73682_trajectories_discp2_delta3.png Graphic file (type png)
<use Lorenz_r25.73682_trajectories_discp2_delta3.png>
Package pdftex.def Info: Lorenz_r25.73682_trajectories_discp2_delta3.png  used 
on input line 100.
(pdftex.def)             Requested size: 227.62204pt x 178.82951pt.


LaTeX Warning: Float too large for page by 84.03961pt on input line 102.


LaTeX Warning: `h' float specifier changed to `ht'.

[4] [5 <./Lorenz_r25.73682_trajectories_discp_delta4.png (PNG copy)> <./Lorenz_
r25.73682_trajectories_discp2_delta4.png (PNG copy)> <./Lorenz_r25.73682_trajec
tories_discp.png (PNG copy)> <./Lorenz_r25.73682_trajectories_discp2.png (PNG c
opy)> <./Lorenz_r25.73682_trajectories_discp_delta2.png (PNG copy)> <./Lorenz_r
25.73682_trajectories_discp2_delta2.png (PNG copy)> <./Lorenz_r25.73682_traject
ories_discp_delta3.png (PNG copy)> <./Lorenz_r25.73682_trajectories_discp2_delt
a3.png (PNG copy)>]
<Lorenz_Map.png, id=43, 497.81985pt x 402.90524pt>
File: Lorenz_Map.png Graphic file (type png)
<use Lorenz_Map.png>
Package pdftex.def Info: Lorenz_Map.png  used on input line 109.
(pdftex.def)             Requested size: 227.62204pt x 184.21974pt.
<Lorenz_map_cobwebs_No26.png, id=44, 509.2626pt x 402.90524pt>
File: Lorenz_map_cobwebs_No26.png Graphic file (type png)
<use Lorenz_map_cobwebs_No26.png>
Package pdftex.def Info: Lorenz_map_cobwebs_No26.png  used on input line 116.
(pdftex.def)             Requested size: 227.62204pt x 180.08226pt.
<Lorenz_map_cobwebs_No30.png, id=45, 509.2626pt x 402.90524pt>
File: Lorenz_map_cobwebs_No30.png Graphic file (type png)
<use Lorenz_map_cobwebs_No30.png>
Package pdftex.def Info: Lorenz_map_cobwebs_No30.png  used on input line 117.
(pdftex.def)             Requested size: 227.62204pt x 180.08226pt.
<Lorenz_map_cobwebs_No35.png, id=46, 509.2626pt x 402.90524pt>
File: Lorenz_map_cobwebs_No35.png Graphic file (type png)
<use Lorenz_map_cobwebs_No35.png>
Package pdftex.def Info: Lorenz_map_cobwebs_No35.png  used on input line 118.
(pdftex.def)             Requested size: 227.62204pt x 180.08226pt.
<Lorenz_map_cobwebs_No40.png, id=47, 509.2626pt x 402.90524pt>
File: Lorenz_map_cobwebs_No40.png Graphic file (type png)
<use Lorenz_map_cobwebs_No40.png>
Package pdftex.def Info: Lorenz_map_cobwebs_No40.png  used on input line 119.
(pdftex.def)             Requested size: 227.62204pt x 180.08226pt.
<Lorenz_map_cobwebs_No26_ld.png, id=48, 509.2626pt x 402.90524pt>
File: Lorenz_map_cobwebs_No26_ld.png Graphic file (type png)
<use Lorenz_map_cobwebs_No26_ld.png>
Package pdftex.def Info: Lorenz_map_cobwebs_No26_ld.png  used on input line 124
.
(pdftex.def)             Requested size: 227.62204pt x 180.08226pt.
<Lorenz_map_cobwebs_No30_ld.png, id=49, 509.2626pt x 402.90524pt>
File: Lorenz_map_cobwebs_No30_ld.png Graphic file (type png)
<use Lorenz_map_cobwebs_No30_ld.png>
Package pdftex.def Info: Lorenz_map_cobwebs_No30_ld.png  used on input line 125
.
(pdftex.def)             Requested size: 227.62204pt x 180.08226pt.
<Lorenz_map_cobwebs_No35_ld.png, id=50, 509.2626pt x 402.90524pt>
File: Lorenz_map_cobwebs_No35_ld.png Graphic file (type png)
<use Lorenz_map_cobwebs_No35_ld.png>
Package pdftex.def Info: Lorenz_map_cobwebs_No35_ld.png  used on input line 126
.
(pdftex.def)             Requested size: 227.62204pt x 180.08226pt.
<Lorenz_map_cobwebs_No40_ld.png, id=51, 509.2626pt x 402.90524pt>
File: Lorenz_map_cobwebs_No40_ld.png Graphic file (type png)
<use Lorenz_map_cobwebs_No40_ld.png>
Package pdftex.def Info: Lorenz_map_cobwebs_No40_ld.png  used on input line 127
.
(pdftex.def)             Requested size: 227.62204pt x 180.08226pt.


LaTeX Warning: `h' float specifier changed to `ht'.


LaTeX Warning: `h' float specifier changed to `ht'.

[6

 <./Lorenz_Map.png (PNG copy)>] [7 <./Lorenz_map_cobwebs_No26.png (PNG copy)> <
./Lorenz_map_cobwebs_No30.png (PNG copy)> <./Lorenz_map_cobwebs_No35.png (PNG c
opy)> <./Lorenz_map_cobwebs_No40.png (PNG copy)>] [8 <./Lorenz_map_cobwebs_No26
_ld.png (PNG copy)> <./Lorenz_map_cobwebs_No30_ld.png (PNG copy)> <./Lorenz_map
_cobwebs_No35_ld.png (PNG copy)> <./Lorenz_map_cobwebs_No40_ld.png (PNG copy)>]
<Logistic_map.png, id=62, 502.63785pt x 400.3758pt>
File: Logistic_map.png Graphic file (type png)
<use Logistic_map.png>
Package pdftex.def Info: Logistic_map.png  used on input line 136.
(pdftex.def)             Requested size: 227.62204pt x 181.31596pt.
<Sine_mapM.png, id=63, 499.98795pt x 400.3758pt>
File: Sine_mapM.png Graphic file (type png)
<use Sine_mapM.png>
Package pdftex.def Info: Sine_mapM.png  used on input line 137.
(pdftex.def)             Requested size: 227.62204pt x 182.26901pt.
<Logistic_map_zoom_in.png, id=64, 496.4949pt x 400.3758pt>
File: Logistic_map_zoom_in.png Graphic file (type png)
<use Logistic_map_zoom_in.png>
Package pdftex.def Info: Logistic_map_zoom_in.png  used on input line 144.
(pdftex.def)             Requested size: 227.62204pt x 183.55806pt.
<Sine_map_zoom_in.png, id=65, 496.37445pt x 400.3758pt>
File: Sine_map_zoom_in.png Graphic file (type png)
<use Sine_map_zoom_in.png>
Package pdftex.def Info: Sine_map_zoom_in.png  used on input line 145.
(pdftex.def)             Requested size: 227.62204pt x 183.60081pt.
<Logistic_map_PW.png, id=66, 496.4949pt x 400.3758pt>
File: Logistic_map_PW.png Graphic file (type png)
<use Logistic_map_PW.png>
Package pdftex.def Info: Logistic_map_PW.png  used on input line 152.
(pdftex.def)             Requested size: 227.62204pt x 183.55806pt.
<Sine_map_zoom_PW.png, id=67, 496.4949pt x 400.3758pt>
File: Sine_map_zoom_PW.png Graphic file (type png)
<use Sine_map_zoom_PW.png>
Package pdftex.def Info: Sine_map_zoom_PW.png  used on input line 153.
(pdftex.def)             Requested size: 227.62204pt x 183.55806pt.
 [9

 <./Logistic_map.png (PNG copy)> <./Sine_mapM.png (PNG copy)> <./Logistic_map_z
oom_in.png (PNG copy)> <./Sine_map_zoom_in.png (PNG copy)>] [10 <./Logistic_map
_PW.png (PNG copy)> <./Sine_map_zoom_PW.png (PNG copy)>]
LaTeX Font Info:    Trying to load font information for TS1+cmtt on input line 
187.

(/usr/local/texlive/2021/texmf-dist/tex/latex/base/ts1cmtt.fd
File: ts1cmtt.fd 2019/12/16 v2.5j Standard LaTeX font definitions
) [11] [12]
[13] [14] [15] [16] [17] (./HW6 Computer Parts.aux) ) 
Here is how much of TeX's memory you used:
 11321 strings out of 478994
 165859 string characters out of 5858185
 840831 words of memory out of 5000000
 28607 multiletter control sequences out of 15000+600000
 410993 words of font info for 56 fonts, out of 8000000 for 9000
 1141 hyphenation exceptions out of 8191
 82i,7n,89p,978b,2164s stack positions out of 5000i,500n,10000p,200000b,80000s
{/usr/local/texlive/2021/t
exmf-dist/fonts/enc/dvips/cm-super/cm-super-ts1.enc}</usr/local/texlive/2021/te
xmf-dist/fonts/type1/public/amsfonts/cm/cmbx12.pfb></usr/local/texlive/2021/tex
mf-dist/fonts/type1/public/amsfonts/cm/cmex10.pfb></usr/local/texlive/2021/texm
f-dist/fonts/type1/public/amsfonts/cm/cmmi10.pfb></usr/local/texlive/2021/texmf
-dist/fonts/type1/public/amsfonts/cm/cmmi8.pfb></usr/local/texlive/2021/texmf-d
ist/fonts/type1/public/amsfonts/cm/cmr10.pfb></usr/local/texlive/2021/texmf-dis
t/fonts/type1/public/amsfonts/cm/cmr12.pfb></usr/local/texlive/2021/texmf-dist/
fonts/type1/public/amsfonts/cm/cmr17.pfb></usr/local/texlive/2021/texmf-dist/fo
nts/type1/public/amsfonts/cm/cmr6.pfb></usr/local/texlive/2021/texmf-dist/fonts
/type1/public/amsfonts/cm/cmr8.pfb></usr/local/texlive/2021/texmf-dist/fonts/ty
pe1/public/amsfonts/cm/cmsy10.pfb></usr/local/texlive/2021/texmf-dist/fonts/typ
e1/public/amsfonts/cm/cmsy8.pfb></usr/local/texlive/2021/texmf-dist/fonts/type1
/public/amsfonts/cm/cmtt10.pfb></usr/local/texlive/2021/texmf-dist/fonts/type1/
public/cm-super/sftt1095.pfb>
Output written on "HW6 Computer Parts.pdf" (17 pages, 9355486 bytes).
PDF statistics:
 141 PDF objects out of 1000 (max. 8388607)
 79 compressed objects within 1 object stream
 0 named destinations out of 1000 (max. 500000)
 146 words of extra memory for PDF output out of 10000 (max. 10000000)

